0 info it worked if it ends with ok
1 verbose cli [ 'C:\\Program Files\\nodejs\\node.exe',
1 verbose cli   'C:\\Program Files\\nodejs\\node_modules\\npm\\bin\\npm-cli.js',
1 verbose cli   'run',
1 verbose cli   'build' ]
2 info using npm@3.10.10
3 info using node@v6.11.5
4 verbose run-script [ 'prebuild', 'build', 'postbuild' ]
5 info lifecycle carrefourui@1.0.0~prebuild: carrefourui@1.0.0
6 silly lifecycle carrefourui@1.0.0~prebuild: no script for prebuild, continuing
7 info lifecycle carrefourui@1.0.0~build: carrefourui@1.0.0
8 verbose lifecycle carrefourui@1.0.0~build: unsafe-perm in lifecycle true
9 verbose lifecycle carrefourui@1.0.0~build: PATH: C:\Program Files\nodejs\node_modules\npm\bin\node-gyp-bin;E:\CarrefourAssignment\CarrefourUI\node_modules\.bin;C:\ProgramData\Oracle\Java\javapath;C:\Windows\system32;C:\Windows;C:\Windows\System32\Wbem;C:\Windows\System32\WindowsPowerShell\v1.0\;C:\Program Files (x86)\NVIDIA Corporation\PhysX\Common;C:\Program Files\Java\jdk1.8.0_144\bin;C:\Program Files\Java\jre1.8.0_144\bin;C:\Program Files\nodejs\;C:\Users\Guddi\AppData\Local\Microsoft\WindowsApps
10 verbose lifecycle carrefourui@1.0.0~build: CWD: E:\CarrefourAssignment\CarrefourUI
11 silly lifecycle carrefourui@1.0.0~build: Args: [ '/d /s /c',
11 silly lifecycle   'webpack -p --progress --config ./webpack.production.config.js' ]
12 silly lifecycle carrefourui@1.0.0~build: Returned: code: 2  signal: null
13 info lifecycle carrefourui@1.0.0~build: Failed to exec build script
14 verbose stack Error: carrefourui@1.0.0 build: `webpack -p --progress --config ./webpack.production.config.js`
14 verbose stack Exit status 2
14 verbose stack     at EventEmitter.<anonymous> (C:\Program Files\nodejs\node_modules\npm\lib\utils\lifecycle.js:255:16)
14 verbose stack     at emitTwo (events.js:106:13)
14 verbose stack     at EventEmitter.emit (events.js:191:7)
14 verbose stack     at ChildProcess.<anonymous> (C:\Program Files\nodejs\node_modules\npm\lib\utils\spawn.js:40:14)
14 verbose stack     at emitTwo (events.js:106:13)
14 verbose stack     at ChildProcess.emit (events.js:191:7)
14 verbose stack     at maybeClose (internal/child_process.js:920:16)
14 verbose stack     at Process.ChildProcess._handle.onexit (internal/child_process.js:230:5)
15 verbose pkgid carrefourui@1.0.0
16 verbose cwd E:\CarrefourAssignment\CarrefourUI
17 error Windows_NT 10.0.14393
18 error argv "C:\\Program Files\\nodejs\\node.exe" "C:\\Program Files\\nodejs\\node_modules\\npm\\bin\\npm-cli.js" "run" "build"
19 error node v6.11.5
20 error npm  v3.10.10
21 error code ELIFECYCLE
22 error carrefourui@1.0.0 build: `webpack -p --progress --config ./webpack.production.config.js`
22 error Exit status 2
23 error Failed at the carrefourui@1.0.0 build script 'webpack -p --progress --config ./webpack.production.config.js'.
23 error Make sure you have the latest version of node.js and npm installed.
23 error If you do, this is most likely a problem with the carrefourui package,
23 error not with npm itself.
23 error Tell the author that this fails on your system:
23 error     webpack -p --progress --config ./webpack.production.config.js
23 error You can get information on how to open an issue for this project with:
23 error     npm bugs carrefourui
23 error Or if that isn't available, you can get their info via:
23 error     npm owner ls carrefourui
23 error There is likely additional logging output above.
24 verbose exit [ 1, true ]
